Determining if the pthread_create exist failed with the following output:
Change Dir: /home/mrsl_student/git/catkin_ws/build/CMakeFiles/CMakeTmp

Run Build Command:/usr/bin/make "cmTryCompileExec3039072730/fast"
/usr/bin/make -f CMakeFiles/cmTryCompileExec3039072730.dir/build.make CMakeFiles/cmTryCompileExec3039072730.dir/build
make[1]: Entering directory `/home/mrsl_student/git/catkin_ws/build/CMakeFiles/CMakeTmp'
/usr/bin/cmake -E cmake_progress_report /home/mrsl_student/git/catkin_ws/build/CMakeFiles/CMakeTmp/CMakeFiles 1
Building C object CMakeFiles/cmTryCompileExec3039072730.dir/CheckSymbolExists.c.o
/usr/local/bin/cc    -o CMakeFiles/cmTryCompileExec3039072730.dir/CheckSymbolExists.c.o   -c /home/mrsl_student/git/catkin_ws/build/CMakeFiles/CMakeTmp/CheckSymbolExists.c
Linking C executable cmTryCompileExec3039072730
/usr/bin/cmake -E cmake_link_script CMakeFiles/cmTryCompileExec3039072730.dir/link.txt --verbose=1
/usr/local/bin/cc       CMakeFiles/cmTryCompileExec3039072730.dir/CheckSymbolExists.c.o  -o cmTryCompileExec3039072730 -rdynamic 
CMakeFiles/cmTryCompileExec3039072730.dir/CheckSymbolExists.c.o: In function `main':
CheckSymbolExists.c:(.text+0x16): undefined reference to `pthread_create'
collect2: error: ld returned 1 exit status
make[1]: Leaving directory `/home/mrsl_student/git/catkin_ws/build/CMakeFiles/CMakeTmp'
make[1]: *** [cmTryCompileExec3039072730] Error 1
make: *** [cmTryCompileExec3039072730/fast] Error 2

File /home/mrsl_student/git/catkin_ws/build/CMakeFiles/CMakeTmp/CheckSymbolExists.c:
/* */
#include <pthread.h>

int main(int argc, char** argv)
{
  (void)argv;
#ifndef pthread_create
  return ((int*)(&pthread_create))[argc];
#else
  (void)argc;
  return 0;
#endif
}

Determining if the function pthread_create exists in the pthreads failed with the following output:
Change Dir: /home/mrsl_student/git/catkin_ws/build/CMakeFiles/CMakeTmp

Run Build Command:/usr/bin/make "cmTryCompileExec107833790/fast"
/usr/bin/make -f CMakeFiles/cmTryCompileExec107833790.dir/build.make CMakeFiles/cmTryCompileExec107833790.dir/build
make[1]: Entering directory `/home/mrsl_student/git/catkin_ws/build/CMakeFiles/CMakeTmp'
/usr/bin/cmake -E cmake_progress_report /home/mrsl_student/git/catkin_ws/build/CMakeFiles/CMakeTmp/CMakeFiles 1
Building C object CMakeFiles/cmTryCompileExec107833790.dir/CheckFunctionExists.c.o
/usr/local/bin/cc   -DCHECK_FUNCTION_EXISTS=pthread_create   -o CMakeFiles/cmTryCompileExec107833790.dir/CheckFunctionExists.c.o   -c /usr/share/cmake-2.8/Modules/CheckFunctionExists.c
Linking C executable cmTryCompileExec107833790
/usr/bin/cmake -E cmake_link_script CMakeFiles/cmTryCompileExec107833790.dir/link.txt --verbose=1
/usr/local/bin/cc   -DCHECK_FUNCTION_EXISTS=pthread_create    CMakeFiles/cmTryCompileExec107833790.dir/CheckFunctionExists.c.o  -o cmTryCompileExec107833790 -rdynamic -lpthreads 
/usr/bin/ld: cannot find -lpthreads
collect2: error: ld returned 1 exit status
make[1]: *** [cmTryCompileExec107833790] Error 1
make[1]: Leaving directory `/home/mrsl_student/git/catkin_ws/build/CMakeFiles/CMakeTmp'
make: *** [cmTryCompileExec107833790/fast] Error 2


